<?xml version="1.0" encoding="UTF-8"?>
<!-- Generated by org.testng.reporters.JUnitReportReporter -->
<testsuite skipped="0" hostname="Amar" name="practice.ParallelExecution" tests="2" failures="0" timestamp="13 Mar 2021 06:17:22 GMT" time="81.289" errors="0">
  <testcase name="parallel" time="38.556" classname="practice.ParallelExecution"/>
  <testcase name="parallel" time="42.733" classname="practice.ParallelExecution"/>
</testsuite> <!-- practice.ParallelExecution -->
