<?xml version="1.0" encoding="UTF-8"?>
<!-- Generated by org.testng.reporters.JUnitReportReporter -->
<testsuite skipped="0" hostname="Amar" name="practice.BrowserStaclSample" tests="1" failures="0" timestamp="13 Mar 2021 05:23:49 GMT" time="37.910" errors="0">
  <testcase name="browserstack" time="37.910" classname="practice.BrowserStaclSample"/>
</testsuite> <!-- practice.BrowserStaclSample -->
