<?xml version="1.0" encoding="UTF-8"?>
<!-- Generated by org.testng.reporters.JUnitReportReporter -->
<testsuite skipped="0" hostname="Amar" name="practice.Tap" tests="1" failures="0" timestamp="05 Mar 2021 07:59:34 GMT" time="33.112" errors="1">
  <testcase name="tapOnElement" time="33.112" classname="practice.Tap">
    <error type="org.openqa.selenium.StaleElementReferenceException" message="The element &#039;By.id: android:id/button1&#039; does not exist in DOM anymore (WARNING: The server did not provide any stacktrace information)
Command duration or timeout: 248 milliseconds
For documentation on this error, please visit: http://seleniumhq.org/exceptions/stale_element_reference.html
Build info: version: &#039;2.53.1&#039;, revision: &#039;a36b8b1cd5757287168e54b817830adce9b0158d&#039;, time: &#039;2016-06-30 19:26:09&#039;
System info: host: &#039;Amar&#039;, ip: &#039;10.10.11.80&#039;, os.name: &#039;Windows 8.1&#039;, os.arch: &#039;amd64&#039;, os.version: &#039;6.3&#039;, java.version: &#039;1.8.0_172&#039;
Driver info: io.appium.java_client.android.AndroidDriver
Capabilities [{appPackage=com.miui.calculator, statBarHeight=72, viewportRect={top=72, left=0, width=1080, height=1848}, deviceName=d6c768cf9804, UDID=d6c768cf9804, platform=LINUX, deviceUDID=d6c768cf9804, desired={appPackage=com.miui.calculator, appActivity=.cal.AllInOneCalculatorActivity, platformVersion=7.0, automationName=Appium, platformName=Android, deviceName=Redmi, UDID=d6c768cf9804}, platformVersion=7.0, webStorageEnabled=false, automationName=Appium, takesScreenshot=true, javascriptEnabled=true, platformName=Android, deviceApiLevel=24, deviceManufacturer=Xiaomi, deviceScreenSize=1080x1920, networkConnectionEnabled=true, warnings={}, databaseEnabled=false, appActivity=.cal.AllInOneCalculatorActivity, pixelRatio=3, locationContextEnabled=false, deviceScreenDensity=480, deviceModel=Redmi Note 4}]
Session ID: 06d5885e-2dcb-443f-8576-9095cf4ccc70">
      <![CDATA[org.openqa.selenium.StaleElementReferenceException: The element 'By.id: android:id/button1' does not exist in DOM anymore (WARNING: The server did not provide any stacktrace information)
Command duration or timeout: 248 milliseconds
For documentation on this error, please visit: http://seleniumhq.org/exceptions/stale_element_reference.html
Build info: version: '2.53.1', revision: 'a36b8b1cd5757287168e54b817830adce9b0158d', time: '2016-06-30 19:26:09'
System info: host: 'Amar', ip: '10.10.11.80', os.name: 'Windows 8.1', os.arch: 'amd64', os.version: '6.3', java.version: '1.8.0_172'
Driver info: io.appium.java_client.android.AndroidDriver
Capabilities [{appPackage=com.miui.calculator, statBarHeight=72, viewportRect={top=72, left=0, width=1080, height=1848}, deviceName=d6c768cf9804, UDID=d6c768cf9804, platform=LINUX, deviceUDID=d6c768cf9804, desired={appPackage=com.miui.calculator, appActivity=.cal.AllInOneCalculatorActivity, platformVersion=7.0, automationName=Appium, platformName=Android, deviceName=Redmi, UDID=d6c768cf9804}, platformVersion=7.0, webStorageEnabled=false, automationName=Appium, takesScreenshot=true, javascriptEnabled=true, platformName=Android, deviceApiLevel=24, deviceManufacturer=Xiaomi, deviceScreenSize=1080x1920, networkConnectionEnabled=true, warnings={}, databaseEnabled=false, appActivity=.cal.AllInOneCalculatorActivity, pixelRatio=3, locationContextEnabled=false, deviceScreenDensity=480, deviceModel=Redmi Note 4}]
Session ID: 06d5885e-2dcb-443f-8576-9095cf4ccc70
at sun.reflect.NativeConstructorAccessorImpl.newInstance0(Native Method)
at sun.reflect.NativeConstructorAccessorImpl.newInstance(NativeConstructorAccessorImpl.java:62)
at sun.reflect.DelegatingConstructorAccessorImpl.newInstance(DelegatingConstructorAccessorImpl.java:45)
at java.lang.reflect.Constructor.newInstance(Constructor.java:423)
at org.openqa.selenium.remote.ErrorHandler.createThrowable(ErrorHandler.java:206)
at org.openqa.selenium.remote.ErrorHandler.throwIfResponseFailed(ErrorHandler.java:158)
at org.openqa.selenium.remote.RemoteWebDriver.execute(RemoteWebDriver.java:678)
at io.appium.java_client.DefaultGenericMobileDriver.execute(DefaultGenericMobileDriver.java:40)
at io.appium.java_client.AppiumDriver.execute(AppiumDriver.java:1)
at io.appium.java_client.android.AndroidDriver.execute(AndroidDriver.java:1)
at io.appium.java_client.AppiumDriver.performTouchAction(AppiumDriver.java:336)
at io.appium.java_client.TouchAction.perform(TouchAction.java:323)
at practice.Tap.tapOnElement(Tap.java:47)
at sun.reflect.NativeMethodAccessorImpl.invoke0(Native Method)
at sun.reflect.NativeMethodAccessorImpl.invoke(NativeMethodAccessorImpl.java:62)
at sun.reflect.DelegatingMethodAccessorImpl.invoke(DelegatingMethodAccessorImpl.java:43)
at java.lang.reflect.Method.invoke(Method.java:498)
at org.testng.internal.MethodInvocationHelper.invokeMethod(MethodInvocationHelper.java:124)
at org.testng.internal.Invoker.invokeMethod(Invoker.java:583)
at org.testng.internal.Invoker.invokeTestMethod(Invoker.java:719)
at org.testng.internal.Invoker.invokeTestMethods(Invoker.java:989)
at org.testng.internal.TestMethodWorker.invokeTestMethods(TestMethodWorker.java:125)
at org.testng.internal.TestMethodWorker.run(TestMethodWorker.java:109)
at org.testng.TestRunner.privateRun(TestRunner.java:648)
at org.testng.TestRunner.run(TestRunner.java:505)
at org.testng.SuiteRunner.runTest(SuiteRunner.java:455)
at org.testng.SuiteRunner.runSequentially(SuiteRunner.java:450)
at org.testng.SuiteRunner.privateRun(SuiteRunner.java:415)
at org.testng.SuiteRunner.run(SuiteRunner.java:364)
at org.testng.SuiteRunnerWorker.runSuite(SuiteRunnerWorker.java:52)
at org.testng.SuiteRunnerWorker.run(SuiteRunnerWorker.java:84)
at org.testng.TestNG.runSuitesSequentially(TestNG.java:1208)
at org.testng.TestNG.runSuitesLocally(TestNG.java:1137)
at org.testng.TestNG.runSuites(TestNG.java:1049)
at org.testng.TestNG.run(TestNG.java:1017)
at org.testng.remote.AbstractRemoteTestNG.run(AbstractRemoteTestNG.java:114)
at org.testng.remote.RemoteTestNG.initAndRun(RemoteTestNG.java:251)
at org.testng.remote.RemoteTestNG.main(RemoteTestNG.java:77)
]]>
    </error>
  </testcase> <!-- tapOnElement -->
</testsuite> <!-- practice.Tap -->
