<?xml version="1.0" encoding="UTF-8"?>
<!-- Generated by org.testng.reporters.JUnitReportReporter -->
<testsuite skipped="0" hostname="Amar" name="practice.Sample11" tests="1" failures="0" timestamp="13 Mar 2021 04:40:30 GMT" time="41.777" errors="0">
  <testcase name="testgeneral" time="41.777" classname="practice.Sample11"/>
</testsuite> <!-- practice.Sample11 -->
