<?xml version="1.0" encoding="UTF-8"?>
<!-- Generated by org.testng.reporters.JUnitReportReporter -->
<testsuite skipped="0" hostname="Amar" name="practice.Swipe1" tests="1" failures="0" timestamp="05 Mar 2021 09:45:21 GMT" time="25.401" errors="0">
  <testcase name="swipe" time="25.401" classname="practice.Swipe1"/>
</testsuite> <!-- practice.Swipe1 -->
