<?xml version="1.0" encoding="UTF-8"?>
<!-- Generated by org.testng.reporters.JUnitReportReporter -->
<testsuite skipped="0" hostname="Amar" name="practice.Drop_DOWN2" tests="1" failures="0" timestamp="08 Mar 2021 06:50:45 GMT" time="65.587" errors="0">
  <testcase name="scrollbyswipe" time="65.587" classname="practice.Drop_DOWN2"/>
</testsuite> <!-- practice.Drop_DOWN2 -->
