<?xml version="1.0" encoding="UTF-8"?>
<!-- Generated by org.testng.reporters.JUnitReportReporter -->
<testsuite skipped="0" hostname="Amar" name="practice.LaunchApp" tests="1" failures="0" timestamp="04 Mar 2021 11:21:37 GMT" time="26.461" errors="0">
  <testcase name="launch" time="26.461" classname="practice.LaunchApp"/>
</testsuite> <!-- practice.LaunchApp -->
