<?xml version="1.0" encoding="UTF-8"?>
<!-- Generated by org.testng.reporters.JUnitReportReporter -->
<testsuite skipped="0" hostname="Amar" name="practice.Scroll_GeneralStore" tests="1" failures="0" timestamp="05 Mar 2021 11:20:47 GMT" time="33.422" errors="0">
  <testcase name="scrollbyswipe" time="33.422" classname="practice.Scroll_GeneralStore"/>
</testsuite> <!-- practice.Scroll_GeneralStore -->
