<?xml version="1.0" encoding="UTF-8"?>
<!-- Generated by org.testng.reporters.JUnitReportReporter -->
<testsuite skipped="0" hostname="Amar" name="practice.MobileWeb" tests="1" failures="0" timestamp="09 Mar 2021 05:11:27 GMT" time="44.119" errors="0">
  <testcase name="launchchrome" time="44.119" classname="practice.MobileWeb"/>
</testsuite> <!-- practice.MobileWeb -->
